<?xml version="1.0" encoding="UTF-8"?>
<!-- Generated by org.testng.reporters.JUnitXMLReporter -->
<testsuite ignored="0" hostname="RRGADDAM-IN" failures="0" tests="3" name="Supply Chain Management" time="69.472" errors="0" timestamp="28 Mar 2019 12:00:19 GMT">
  <testcase classname="com.BNPPROJECT.testcases.BaseClass" name="@AfterClass tearDown" time="0.068">
    <failure type="org.openqa.selenium.WebDriverException" message="unknown error: Element &amp;lt;a href=&amp;quot;#&amp;quot; id=&amp;quot;logoutHeaderForm:logoutwhennomenu&amp;quot; name=&amp;quot;logoutHeaderForm:logoutwhennomenu&amp;quot; onclick=&amp;quot;A4J.AJAX.Submit(&amp;apos;logoutHeaderForm&amp;apos;,event,{&amp;apos;similarityGroupingId&amp;apos;:&amp;apos;logoutHeaderForm:logoutwhennomenu&amp;apos;,&amp;apos;parameters&amp;apos;:{&amp;apos;logoutHeaderForm:logoutwhennomenu&amp;apos;:&amp;apos;logoutHeaderForm:logoutwhennomenu&amp;apos;} ,&amp;apos;status&amp;apos;:&amp;apos;waitStatus&amp;apos;} );return false;&amp;quot; tabindex=&amp;quot;0&amp;quot;&amp;gt;...&amp;lt;/a&amp;gt; is not clickable at point (1839, 16). Other element would receive the click: &amp;lt;div class=&amp;quot;rich-mpnl-mask-div-opaque rich-mpnl-mask-div&amp;quot; id=&amp;quot;panelForStatusDiv&amp;quot; style=&amp;quot;z-index: -1;&amp;quot;&amp;gt;...&amp;lt;/div&amp;gt;
  (Session info: chrome=73.0.3683.86)
  (Driver info: chromedriver=2.46.628402 (536cd7adbad73a3783fdc2cab92ab2ba7ec361e1),platform=Windows NT 6.1.7601 SP1 x86_64) (WARNING: The server did not provide any stacktrace information)
Command duration or timeout: 0 milliseconds
Build info: version: &amp;apos;3.141.59&amp;apos;, revision: &amp;apos;e82be7d358&amp;apos;, time: &amp;apos;2018-11-14T08:17:03&amp;apos;
System info: host: &amp;apos;RRGADDAM-IN&amp;apos;, ip: &amp;apos;10.184.246.6&amp;apos;, os.name: &amp;apos;Windows 7&amp;apos;, os.arch: &amp;apos;amd64&amp;apos;, os.version: &amp;apos;6.1&amp;apos;, java.version: &amp;apos;10.0.2&amp;apos;
Driver info: org.openqa.selenium.chrome.ChromeDriver
Capabilities {acceptInsecureCerts: false, acceptSslCerts: false, applicationCacheEnabled: false, browserConnectionEnabled: false, browserName: chrome, chrome: {chromedriverVersion: 2.46.628402 (536cd7adbad73a..., userDataDir: C:\Users\rrgaddam\AppData\L...}, cssSelectorsEnabled: true, databaseEnabled: false, goog:chromeOptions: {debuggerAddress: localhost:49459}, handlesAlerts: true, hasTouchScreen: false, javascriptEnabled: true, locationContextEnabled: true, mobileEmulationEnabled: false, nativeEvents: true, networkConnectionEnabled: false, pageLoadStrategy: normal, platform: XP, platformName: XP, proxy: Proxy(), rotatable: false, setWindowRect: true, strictFileInteractability: false, takesHeapSnapshot: true, takesScreenshot: true, timeouts: {implicit: 0, pageLoad: 300000, script: 30000}, unexpectedAlertBehaviour: ignore, unhandledPromptBehavior: ignore, version: 73.0.3683.86, webStorageEnabled: true}
Session ID: c0ac2d54abdbccc6d3c640558613a03b">
      <![CDATA[org.openqa.selenium.WebDriverException: unknown error: Element <a href="#" id="logoutHeaderForm:logoutwhennomenu" name="logoutHeaderForm:logoutwhennomenu" onclick="A4J.AJAX.Submit('logoutHeaderForm',event,{'similarityGroupingId':'logoutHeaderForm:logoutwhennomenu','parameters':{'logoutHeaderForm:logoutwhennomenu':'logoutHeaderForm:logoutwhennomenu'} ,'status':'waitStatus'} );return false;" tabindex="0">...</a> is not clickable at point (1839, 16). Other element would receive the click: <div class="rich-mpnl-mask-div-opaque rich-mpnl-mask-div" id="panelForStatusDiv" style="z-index: -1;">...</div>
  (Session info: chrome=73.0.3683.86)
  (Driver info: chromedriver=2.46.628402 (536cd7adbad73a3783fdc2cab92ab2ba7ec361e1),platform=Windows NT 6.1.7601 SP1 x86_64) (WARNING: The server did not provide any stacktrace information)
Command duration or timeout: 0 milliseconds
Build info: version: '3.141.59', revision: 'e82be7d358', time: '2018-11-14T08:17:03'
System info: host: 'RRGADDAM-IN', ip: '10.184.246.6', os.name: 'Windows 7', os.arch: 'amd64', os.version: '6.1', java.version: '10.0.2'
Driver info: org.openqa.selenium.chrome.ChromeDriver
Capabilities {acceptInsecureCerts: false, acceptSslCerts: false, applicationCacheEnabled: false, browserConnectionEnabled: false, browserName: chrome, chrome: {chromedriverVersion: 2.46.628402 (536cd7adbad73a..., userDataDir: C:\Users\rrgaddam\AppData\L...}, cssSelectorsEnabled: true, databaseEnabled: false, goog:chromeOptions: {debuggerAddress: localhost:49459}, handlesAlerts: true, hasTouchScreen: false, javascriptEnabled: true, locationContextEnabled: true, mobileEmulationEnabled: false, nativeEvents: true, networkConnectionEnabled: false, pageLoadStrategy: normal, platform: XP, platformName: XP, proxy: Proxy(), rotatable: false, setWindowRect: true, strictFileInteractability: false, takesHeapSnapshot: true, takesScreenshot: true, timeouts: {implicit: 0, pageLoad: 300000, script: 30000}, unexpectedAlertBehaviour: ignore, unhandledPromptBehavior: ignore, version: 73.0.3683.86, webStorageEnabled: true}
Session ID: c0ac2d54abdbccc6d3c640558613a03b
at org.openqa.selenium.remote.ErrorHandler.createThrowable(ErrorHandler.java:214)
at org.openqa.selenium.remote.ErrorHandler.throwIfResponseFailed(ErrorHandler.java:166)
at org.openqa.selenium.remote.http.JsonHttpResponseCodec.reconstructValue(JsonHttpResponseCodec.java:40)
at org.openqa.selenium.remote.http.AbstractHttpResponseCodec.decode(AbstractHttpResponseCodec.java:80)
at org.openqa.selenium.remote.http.AbstractHttpResponseCodec.decode(AbstractHttpResponseCodec.java:44)
at org.openqa.selenium.remote.HttpCommandExecutor.execute(HttpCommandExecutor.java:158)
at org.openqa.selenium.remote.service.DriverCommandExecutor.execute(DriverCommandExecutor.java:83)
at org.openqa.selenium.remote.RemoteWebDriver.execute(RemoteWebDriver.java:552)
at org.openqa.selenium.remote.RemoteWebElement.execute(RemoteWebElement.java:285)
at org.openqa.selenium.remote.RemoteWebElement.click(RemoteWebElement.java:84)
at com.BNPPROJECT.testcases.BaseClass.tearDown(BaseClass.java:70)
... Removed 30 stack frames]]>
    </failure>
  </testcase> <!-- @AfterClass tearDown -->
  <testcase classname="com.BNPPROJECT.testcases.TC_LOGIN_001" name="loginTest" time="0.921"/>
  <testcase classname="com.BNPPROJECT.testcases.TC_CREATEUSER_003" name="createnewuser" time="38.617"/>
  <testcase classname="com.BNPPROJECT.testcases.TC_BILLTYPE_004" name="Billtype" time="13.727"/>
</testsuite> <!-- Supply Chain Management -->
